# JRE version: OpenJDK Runtime Environment Temurin-17.0.12+7 (17.0.12+7) (build 17.0.12+7)
# Java VM: OpenJDK 64-Bit Server VM Temurin-17.0.12+7 (17.0.12+7, mixed mode, tiered, compressed oops, compressed class ptrs, parallel gc, windows-amd64)
GC Precious Log:
 CPUs: 8 total, 8 available
 Memory: 16228M
 Large Page Support: Disabled
 NUMA Support: Disabled
 Compressed Oops: Enabled (32-bit)
 Alignments: Space 512K, Generation 512K, Heap 2M
 Heap Min Capacity: 100M
 Heap Initial Capacity: 100M
 Heap Max Capacity: 1G
 Pre-touch: Disabled
 Parallel Workers: 8
Heap:
 PSYoungGen      total 17920K, used 10096K [0x00000000eab00000, 0x00000000ec500000, 0x0000000100000000)
  eden space 9728K, 24% used [0x00000000eab00000,0x00000000ead55218,0x00000000eb480000)
  from space 8192K, 94% used [0x00000000ebd00000,0x00000000ec487170,0x00000000ec500000)
  to   space 8192K, 0% used [0x00000000eb500000,0x00000000eb500000,0x00000000ebd00000)
 ParOldGen       total 134656K, used 131004K [0x00000000c0000000, 0x00000000c8380000, 0x00000000eab00000)
  object space 134656K, 97% used [0x00000000c0000000,0x00000000c7fef338,0x00000000c8380000)
 Metaspace       used 73672K, committed 74944K, reserved 1179648K
  class space    used 7926K, committed 8448K, reserved 1048576K
GC Heap History (20 events):
Event: 22.307 GC heap after
{Heap after GC invocations=79 (full 6):
 PSYoungGen      total 8704K, used 4593K [0x00000000eab00000, 0x00000000eb980000, 0x0000000100000000)
  eden space 4096K, 0% used [0x00000000eab00000,0x00000000eab00000,0x00000000eaf00000)
  from space 4608K, 99% used [0x00000000eb400000,0x00000000eb87c788,0x00000000eb880000)
  to   space 5120K, 0% used [0x00000000eaf00000,0x00000000eaf00000,0x00000000eb400000)
 ParOldGen       total 134656K, used 117824K [0x00000000c0000000, 0x00000000c8380000, 0x00000000eab00000)
  object space 134656K, 87% used [0x00000000c0000000,0x00000000c7310300,0x00000000c8380000)
 Metaspace       used 73666K, committed 74944K, reserved 1179648K
  class space    used 7926K, committed 8448K, reserved 1048576K
}
Event: 22.376 GC heap before
{Heap before GC invocations=80 (full 6):
 PSYoungGen      total 8704K, used 8689K [0x00000000eab00000, 0x00000000eb980000, 0x0000000100000000)
  eden space 4096K, 100% used [0x00000000eab00000,0x00000000eaf00000,0x00000000eaf00000)
  from space 4608K, 99% used [0x00000000eb400000,0x00000000eb87c788,0x00000000eb880000)
  to   space 5120K, 0% used [0x00000000eaf00000,0x00000000eaf00000,0x00000000eb400000)
 ParOldGen       total 134656K, used 117824K [0x00000000c0000000, 0x00000000c8380000, 0x00000000eab00000)
  object space 134656K, 87% used [0x00000000c0000000,0x00000000c7310300,0x00000000c8380000)
 Metaspace       used 73666K, committed 74944K, reserved 1179648K
  class space    used 7926K, committed 8448K, reserved 1048576K
}
Event: 22.380 GC heap after
{Heap after GC invocations=80 (full 6):
 PSYoungGen      total 9216K, used 4872K [0x00000000eab00000, 0x00000000eb980000, 0x0000000100000000)
  eden space 4096K, 0% used [0x00000000eab00000,0x00000000eab00000,0x00000000eaf00000)
  from space 5120K, 95% used [0x00000000eaf00000,0x00000000eb3c2120,0x00000000eb400000)
  to   space 5120K, 0% used [0x00000000eb480000,0x00000000eb480000,0x00000000eb980000)
 ParOldGen       total 134656K, used 119231K [0x00000000c0000000, 0x00000000c8380000, 0x00000000eab00000)
  object space 134656K, 88% used [0x00000000c0000000,0x00000000c746fd90,0x00000000c8380000)
 Metaspace       used 73666K, committed 74944K, reserved 1179648K
  class space    used 7926K, committed 8448K, reserved 1048576K
}
Event: 22.432 GC heap before
{Heap before GC invocations=81 (full 6):
 PSYoungGen      total 9216K, used 8968K [0x00000000eab00000, 0x00000000eb980000, 0x0000000100000000)
  eden space 4096K, 100% used [0x00000000eab00000,0x00000000eaf00000,0x00000000eaf00000)
  from space 5120K, 95% used [0x00000000eaf00000,0x00000000eb3c2120,0x00000000eb400000)
  to   space 5120K, 0% used [0x00000000eb480000,0x00000000eb480000,0x00000000eb980000)
 ParOldGen       total 134656K, used 119231K [0x00000000c0000000, 0x00000000c8380000, 0x00000000eab00000)
  object space 134656K, 88% used [0x00000000c0000000,0x00000000c746fd90,0x00000000c8380000)
 Metaspace       used 73666K, committed 74944K, reserved 1179648K
  class space    used 7926K, committed 8448K, reserved 1048576K
}
Event: 22.436 GC heap after
{Heap after GC invocations=81 (full 6):
 PSYoungGen      total 9728K, used 4944K [0x00000000eab00000, 0x00000000eb980000, 0x0000000100000000)
  eden space 4608K, 0% used [0x00000000eab00000,0x00000000eab00000,0x00000000eaf80000)
  from space 5120K, 96% used [0x00000000eb480000,0x00000000eb954080,0x00000000eb980000)
  to   space 5120K, 0% used [0x00000000eaf80000,0x00000000eaf80000,0x00000000eb480000)
 ParOldGen       total 134656K, used 120095K [0x00000000c0000000, 0x00000000c8380000, 0x00000000eab00000)
  object space 134656K, 89% used [0x00000000c0000000,0x00000000c7547d98,0x00000000c8380000)
 Metaspace       used 73666K, committed 74944K, reserved 1179648K
  class space    used 7926K, committed 8448K, reserved 1048576K
}
Event: 22.485 GC heap before
{Heap before GC invocations=82 (full 6):
 PSYoungGen      total 9728K, used 9552K [0x00000000eab00000, 0x00000000eb980000, 0x0000000100000000)
  eden space 4608K, 100% used [0x00000000eab00000,0x00000000eaf80000,0x00000000eaf80000)
  from space 5120K, 96% used [0x00000000eb480000,0x00000000eb954080,0x00000000eb980000)
  to   space 5120K, 0% used [0x00000000eaf80000,0x00000000eaf80000,0x00000000eb480000)
 ParOldGen       total 134656K, used 120095K [0x00000000c0000000, 0x00000000c8380000, 0x00000000eab00000)
  object space 134656K, 89% used [0x00000000c0000000,0x00000000c7547d98,0x00000000c8380000)
 Metaspace       used 73666K, committed 74944K, reserved 1179648K
  class space    used 7926K, committed 8448K, reserved 1048576K
}
Event: 22.490 GC heap after
{Heap after GC invocations=82 (full 6):
 PSYoungGen      total 9728K, used 5102K [0x00000000eab00000, 0x00000000ebc00000, 0x0000000100000000)
  eden space 4608K, 0% used [0x00000000eab00000,0x00000000eab00000,0x00000000eaf80000)
  from space 5120K, 99% used [0x00000000eaf80000,0x00000000eb47baf8,0x00000000eb480000)
  to   space 6144K, 0% used [0x00000000eb600000,0x00000000eb600000,0x00000000ebc00000)
 ParOldGen       total 134656K, used 120769K [0x00000000c0000000, 0x00000000c8380000, 0x00000000eab00000)
  object space 134656K, 89% used [0x00000000c0000000,0x00000000c75f0770,0x00000000c8380000)
 Metaspace       used 73666K, committed 74944K, reserved 1179648K
  class space    used 7926K, committed 8448K, reserved 1048576K
}
Event: 22.532 GC heap before
{Heap before GC invocations=83 (full 6):
 PSYoungGen      total 9728K, used 9710K [0x00000000eab00000, 0x00000000ebc00000, 0x0000000100000000)
  eden space 4608K, 100% used [0x00000000eab00000,0x00000000eaf80000,0x00000000eaf80000)
  from space 5120K, 99% used [0x00000000eaf80000,0x00000000eb47baf8,0x00000000eb480000)
  to   space 6144K, 0% used [0x00000000eb600000,0x00000000eb600000,0x00000000ebc00000)
 ParOldGen       total 134656K, used 120769K [0x00000000c0000000, 0x00000000c8380000, 0x00000000eab00000)
  object space 134656K, 89% used [0x00000000c0000000,0x00000000c75f0770,0x00000000c8380000)
 Metaspace       used 73666K, committed 74944K, reserved 1179648K
  class space    used 7926K, committed 8448K, reserved 1048576K
}
Event: 22.536 GC heap after
{Heap after GC invocations=83 (full 6):
 PSYoungGen      total 10240K, used 5070K [0x00000000eab00000, 0x00000000ebb00000, 0x0000000100000000)
  eden space 5120K, 0% used [0x00000000eab00000,0x00000000eab00000,0x00000000eb000000)
  from space 5120K, 99% used [0x00000000eb600000,0x00000000ebaf38a8,0x00000000ebb00000)
  to   space 5632K, 0% used [0x00000000eb000000,0x00000000eb000000,0x00000000eb580000)
 ParOldGen       total 134656K, used 121941K [0x00000000c0000000, 0x00000000c8380000, 0x00000000eab00000)
  object space 134656K, 90% used [0x00000000c0000000,0x00000000c77156d8,0x00000000c8380000)
 Metaspace       used 73666K, committed 74944K, reserved 1179648K
  class space    used 7926K, committed 8448K, reserved 1048576K
}
Event: 22.569 GC heap before
{Heap before GC invocations=84 (full 6):
 PSYoungGen      total 10240K, used 10190K [0x00000000eab00000, 0x00000000ebb00000, 0x0000000100000000)
  eden space 5120K, 100% used [0x00000000eab00000,0x00000000eb000000,0x00000000eb000000)
  from space 5120K, 99% used [0x00000000eb600000,0x00000000ebaf38a8,0x00000000ebb00000)
  to   space 5632K, 0% used [0x00000000eb000000,0x00000000eb000000,0x00000000eb580000)
 ParOldGen       total 134656K, used 121941K [0x00000000c0000000, 0x00000000c8380000, 0x00000000eab00000)
  object space 134656K, 90% used [0x00000000c0000000,0x00000000c77156d8,0x00000000c8380000)
 Metaspace       used 73669K, committed 74944K, reserved 1179648K
  class space    used 7926K, committed 8448K, reserved 1048576K
}
Event: 22.573 GC heap after
{Heap after GC invocations=84 (full 6):
 PSYoungGen      total 10752K, used 5626K [0x00000000eab00000, 0x00000000ebd80000, 0x0000000100000000)
  eden space 5120K, 0% used [0x00000000eab00000,0x00000000eab00000,0x00000000eb000000)
  from space 5632K, 99% used [0x00000000eb000000,0x00000000eb57e858,0x00000000eb580000)
  to   space 6656K, 0% used [0x00000000eb700000,0x00000000eb700000,0x00000000ebd80000)
 ParOldGen       total 134656K, used 122382K [0x00000000c0000000, 0x00000000c8380000, 0x00000000eab00000)
  object space 134656K, 90% used [0x00000000c0000000,0x00000000c7783a90,0x00000000c8380000)
 Metaspace       used 73669K, committed 74944K, reserved 1179648K
  class space    used 7926K, committed 8448K, reserved 1048576K
}
Event: 22.603 GC heap before
{Heap before GC invocations=85 (full 6):
 PSYoungGen      total 10752K, used 10746K [0x00000000eab00000, 0x00000000ebd80000, 0x0000000100000000)
  eden space 5120K, 100% used [0x00000000eab00000,0x00000000eb000000,0x00000000eb000000)
  from space 5632K, 99% used [0x00000000eb000000,0x00000000eb57e858,0x00000000eb580000)
  to   space 6656K, 0% used [0x00000000eb700000,0x00000000eb700000,0x00000000ebd80000)
 ParOldGen       total 134656K, used 122382K [0x00000000c0000000, 0x00000000c8380000, 0x00000000eab00000)
  object space 134656K, 90% used [0x00000000c0000000,0x00000000c7783a90,0x00000000c8380000)
 Metaspace       used 73669K, committed 74944K, reserved 1179648K
  class space    used 7926K, committed 8448K, reserved 1048576K
}
Event: 22.608 GC heap after
{Heap after GC invocations=85 (full 6):
 PSYoungGen      total 11264K, used 5372K [0x00000000eab00000, 0x00000000ebc80000, 0x0000000100000000)
  eden space 5632K, 0% used [0x00000000eab00000,0x00000000eab00000,0x00000000eb080000)
  from space 5632K, 95% used [0x00000000eb700000,0x00000000ebc3f3d0,0x00000000ebc80000)
  to   space 5632K, 0% used [0x00000000eb180000,0x00000000eb180000,0x00000000eb700000)
 ParOldGen       total 134656K, used 123831K [0x00000000c0000000, 0x00000000c8380000, 0x00000000eab00000)
  object space 134656K, 91% used [0x00000000c0000000,0x00000000c78edd98,0x00000000c8380000)
 Metaspace       used 73669K, committed 74944K, reserved 1179648K
  class space    used 7926K, committed 8448K, reserved 1048576K
}
Event: 22.638 GC heap before
{Heap before GC invocations=86 (full 6):
 PSYoungGen      total 11264K, used 11004K [0x00000000eab00000, 0x00000000ebc80000, 0x0000000100000000)
  eden space 5632K, 100% used [0x00000000eab00000,0x00000000eb080000,0x00000000eb080000)
  from space 5632K, 95% used [0x00000000eb700000,0x00000000ebc3f3d0,0x00000000ebc80000)
  to   space 5632K, 0% used [0x00000000eb180000,0x00000000eb180000,0x00000000eb700000)
 ParOldGen       total 134656K, used 123831K [0x00000000c0000000, 0x00000000c8380000, 0x00000000eab00000)
  object space 134656K, 91% used [0x00000000c0000000,0x00000000c78edd98,0x00000000c8380000)
 Metaspace       used 73669K, committed 74944K, reserved 1179648K
  class space    used 7926K, committed 8448K, reserved 1048576K
}
Event: 22.641 GC heap after
{Heap after GC invocations=86 (full 6):
 PSYoungGen      total 12288K, used 5601K [0x00000000eab00000, 0x00000000ebf80000, 0x0000000100000000)
  eden space 6656K, 0% used [0x00000000eab00000,0x00000000eab00000,0x00000000eb180000)
  from space 5632K, 99% used [0x00000000eb180000,0x00000000eb6f8698,0x00000000eb700000)
  to   space 7168K, 0% used [0x00000000eb880000,0x00000000eb880000,0x00000000ebf80000)
 ParOldGen       total 134656K, used 124712K [0x00000000c0000000, 0x00000000c8380000, 0x00000000eab00000)
  object space 134656K, 92% used [0x00000000c0000000,0x00000000c79ca110,0x00000000c8380000)
 Metaspace       used 73669K, committed 74944K, reserved 1179648K
  class space    used 7926K, committed 8448K, reserved 1048576K
}
Event: 22.674 GC heap before
{Heap before GC invocations=87 (full 6):
 PSYoungGen      total 12288K, used 12257K [0x00000000eab00000, 0x00000000ebf80000, 0x0000000100000000)
  eden space 6656K, 100% used [0x00000000eab00000,0x00000000eb180000,0x00000000eb180000)
  from space 5632K, 99% used [0x00000000eb180000,0x00000000eb6f8698,0x00000000eb700000)
  to   space 7168K, 0% used [0x00000000eb880000,0x00000000eb880000,0x00000000ebf80000)
 ParOldGen       total 134656K, used 124712K [0x00000000c0000000, 0x00000000c8380000, 0x00000000eab00000)
  object space 134656K, 92% used [0x00000000c0000000,0x00000000c79ca110,0x00000000c8380000)
 Metaspace       used 73669K, committed 74944K, reserved 1179648K
  class space    used 7926K, committed 8448K, reserved 1048576K
}
Event: 22.679 GC heap after
{Heap after GC invocations=87 (full 6):
 PSYoungGen      total 14336K, used 6001K [0x00000000eab00000, 0x00000000ebf80000, 0x0000000100000000)
  eden space 7168K, 0% used [0x00000000eab00000,0x00000000eab00000,0x00000000eb200000)
  from space 7168K, 83% used [0x00000000eb880000,0x00000000ebe5c700,0x00000000ebf80000)
  to   space 6656K, 0% used [0x00000000eb200000,0x00000000eb200000,0x00000000eb880000)
 ParOldGen       total 134656K, used 125896K [0x00000000c0000000, 0x00000000c8380000, 0x00000000eab00000)
  object space 134656K, 93% used [0x00000000c0000000,0x00000000c7af2008,0x00000000c8380000)
 Metaspace       used 73669K, committed 74944K, reserved 1179648K
  class space    used 7926K, committed 8448K, reserved 1048576K
}
Event: 22.716 GC heap before
{Heap before GC invocations=88 (full 6):
 PSYoungGen      total 14336K, used 13169K [0x00000000eab00000, 0x00000000ebf80000, 0x0000000100000000)
  eden space 7168K, 100% used [0x00000000eab00000,0x00000000eb200000,0x00000000eb200000)
  from space 7168K, 83% used [0x00000000eb880000,0x00000000ebe5c700,0x00000000ebf80000)
  to   space 6656K, 0% used [0x00000000eb200000,0x00000000eb200000,0x00000000eb880000)
 ParOldGen       total 134656K, used 125896K [0x00000000c0000000, 0x00000000c8380000, 0x00000000eab00000)
  object space 134656K, 93% used [0x00000000c0000000,0x00000000c7af2008,0x00000000c8380000)
 Metaspace       used 73669K, committed 74944K, reserved 1179648K
  class space    used 7926K, committed 8448K, reserved 1048576K
}
Event: 22.720 GC heap after
{Heap after GC invocations=88 (full 6):
 PSYoungGen      total 13824K, used 6624K [0x00000000eab00000, 0x00000000ec200000, 0x0000000100000000)
  eden space 7168K, 0% used [0x00000000eab00000,0x00000000eab00000,0x00000000eb200000)
  from space 6656K, 99% used [0x00000000eb200000,0x00000000eb878318,0x00000000eb880000)
  to   space 7680K, 0% used [0x00000000eba80000,0x00000000eba80000,0x00000000ec200000)
 ParOldGen       total 134656K, used 126672K [0x00000000c0000000, 0x00000000c8380000, 0x00000000eab00000)
  object space 134656K, 94% used [0x00000000c0000000,0x00000000c7bb4008,0x00000000c8380000)
 Metaspace       used 73669K, committed 74944K, reserved 1179648K
  class space    used 7926K, committed 8448K, reserved 1048576K
}
Event: 22.752 GC heap before
{Heap before GC invocations=89 (full 6):
 PSYoungGen      total 13824K, used 13792K [0x00000000eab00000, 0x00000000ec200000, 0x0000000100000000)
  eden space 7168K, 100% used [0x00000000eab00000,0x00000000eb200000,0x00000000eb200000)
  from space 6656K, 99% used [0x00000000eb200000,0x00000000eb878318,0x00000000eb880000)
  to   space 7680K, 0% used [0x00000000eba80000,0x00000000eba80000,0x00000000ec200000)
 ParOldGen       total 134656K, used 126672K [0x00000000c0000000, 0x00000000c8380000, 0x00000000eab00000)
  object space 134656K, 94% used [0x00000000c0000000,0x00000000c7bb4008,0x00000000c8380000)
 Metaspace       used 73672K, committed 74944K, reserved 1179648K
  class space    used 7926K, committed 8448K, reserved 1048576K
}

